<?xml version="1.0" encoding="UTF-8"?>
<!-- Generated by org.testng.reporters.JUnitReportReporter -->
<testsuite hostname="DESKTOP-KS9RLL6" failures="0" tests="1" name="com.vtiger.testScript.LoginToVtigerTest" time="10.621" errors="0" timestamp="2021-05-29T01:09:54 IST" skipped="0">
  <testcase classname="com.vtiger.testScript.LoginToVtigerTest" name="loginTest" time="10.621"/>
  <system-out>
Login successfully.  </system-out>
</testsuite> <!-- com.vtiger.testScript.LoginToVtigerTest -->
