<?xml version="1.0" encoding="UTF-8"?>
<!-- Generated by org.testng.reporters.JUnitReportReporter -->
<testsuite hostname="DESKTOP-KS9RLL6" failures="0" tests="10" name="com.vtiger.testScript.DemoDataProvider" time="0.052" errors="0" timestamp="2021-05-30T00:03:40 IST" skipped="0">
  <testcase classname="com.vtiger.testScript.DemoDataProvider" name="loginToApp" time="0.001"/>
  <system-out/>
  <testcase classname="com.vtiger.testScript.DemoDataProvider" name="loginToApp" time="0.008"/>
  <system-out/>
  <testcase classname="com.vtiger.testScript.DemoDataProvider" name="loginToApp" time="0.003"/>
  <system-out/>
  <testcase classname="com.vtiger.testScript.DemoDataProvider" name="loginToApp" time="0.010"/>
  <system-out/>
  <testcase classname="com.vtiger.testScript.DemoDataProvider" name="loginToApp" time="0.004"/>
  <system-out/>
  <testcase classname="com.vtiger.testScript.DemoDataProvider" name="loginToApp" time="0.003"/>
  <system-out/>
  <testcase classname="com.vtiger.testScript.DemoDataProvider" name="loginToApp" time="0.003"/>
  <system-out/>
  <testcase classname="com.vtiger.testScript.DemoDataProvider" name="loginToApp" time="0.010"/>
  <system-out/>
  <testcase classname="com.vtiger.testScript.DemoDataProvider" name="loginToApp" time="0.004"/>
  <system-out/>
  <testcase classname="com.vtiger.testScript.DemoDataProvider" name="loginToApp" time="0.006"/>
  <system-out/>
</testsuite> <!-- com.vtiger.testScript.DemoDataProvider -->
