<?xml version="1.0" encoding="UTF-8"?>
<!-- Generated by org.testng.reporters.JUnitReportReporter -->
<testsuite hostname="DESKTOP-KS9RLL6" failures="0" tests="1" name="com.vtiger.testScript.CreateNewContactTest" time="55.317" errors="0" timestamp="2021-05-29T23:22:27 IST" skipped="0">
  <testcase classname="com.vtiger.testScript.CreateNewContactTest" name="createNewContact" time="55.317"/>
  <system-out>
Contact created successfully.  </system-out>
</testsuite> <!-- com.vtiger.testScript.CreateNewContactTest -->
